[info] Log at : 2021/5/14|20:37:20|GMT+0800

[info] Log at : 2021/5/14|20:52:19|GMT+0800

[SyntaxError: Unexpected token / in JSON at position 3689
	at JSON.parse (<anonymous>)
	at F.updateCppProperties (c:\Users\秦殇\.vscode\extensions\cl.keil-assistant-1.7.0\dist\extension.js:1:10911)
	at F.<anonymous> (c:\Users\秦殇\.vscode\extensions\cl.keil-assistant-1.7.0\dist\extension.js:1:12641)
	at Generator.next (<anonymous>)
	at c:\Users\秦殇\.vscode\extensions\cl.keil-assistant-1.7.0\dist\extension.js:1:4542
	at new Promise (<anonymous>)
	at r (c:\Users\秦殇\.vscode\extensions\cl.keil-assistant-1.7.0\dist\extension.js:1:4287)
	at F.load (c:\Users\秦殇\.vscode\extensions\cl.keil-assistant-1.7.0\dist\extension.js:1:11372)
	at w.<anonymous> (c:\Users\秦殇\.vscode\extensions\cl.keil-assistant-1.7.0\dist\extension.js:1:8799)
	at Generator.next (<anonymous>)
	at a (c:\Users\秦殇\.vscode\extensions\cl.keil-assistant-1.7.0\dist\extension.js:1:4344)
	at runMicrotasks (<anonymous>)
	at processTicksAndRejections (internal/process/task_queues.js:93:5)]
[info] Log at : 2021/5/15|12:59:33|GMT+0800

[info] Log at : 2021/5/15|13:04:34|GMT+0800

[info] Log at : 2021/5/16|14:48:39|GMT+0800

[info] Log at : 2021/5/16|17:21:20|GMT+0800

[info] Log at : 2021/5/18|17:38:40|GMT+0800

[info] Log at : 2021/5/20|18:07:54|GMT+0800

[info] Log at : 2021/5/21|15:13:26|GMT+0800

[info] Log at : 2021/5/21|19:38:02|GMT+0800

[info] Log at : 2021/5/23|06:53:13|GMT+0800

[info] Log at : 2021/5/25|07:45:43|GMT+0800

[info] Log at : 2021/6/6|11:38:39|GMT+0800

[info] Log at : 2021/6/7|20:11:49|GMT+0800

[info] Log at : 2021/6/14|17:43:01|GMT+0800

[info] Log at : 2021/6/14|17:56:25|GMT+0800

[info] Log at : 2021/6/14|18:02:14|GMT+0800

[info] Log at : 2021/6/14|18:02:44|GMT+0800

[info] Log at : 2021/6/14|18:03:27|GMT+0800

[info] Log at : 2021/6/14|18:03:37|GMT+0800

[info] Log at : 2021/6/15|16:07:55|GMT+0800

[info] Log at : 2021/6/17|20:26:28|GMT+0800

[info] Log at : 2021/6/18|19:25:11|GMT+0800

[info] Log at : 2021/7/4|18:15:13|GMT+0800

[info] Log at : 2021/7/13|11:05:36|GMT+0800

[info] Log at : 2021/7/15|20:47:27|GMT+0800

[info] Log at : 2021/7/16|10:33:58|GMT+0800

